<?xml version="1.0" encoding="UTF-8"?>
<!-- Generated by org.testng.reporters.JUnitXMLReporter -->
<testsuite ignored="0" hostname="DESKTOP-820RNO9" failures="2" tests="5" name="Test1" time="29.413" errors="0" timestamp="2023-11-18T21:15:58 IST">
  <testcase classname="day32.AfterTestDemo2" name="@AfterTest TearDown" time="0.001">
    <failure type="java.lang.NullPointerException" message="Cannot invoke &amp;quot;org.openqa.selenium.WebDriver.quit()&amp;quot; because &amp;quot;this.driver&amp;quot; is null">
      <![CDATA[java.lang.NullPointerException: Cannot invoke "org.openqa.selenium.WebDriver.quit()" because "this.driver" is null
at day32.AfterTestDemo2.TearDown(AfterTestDemo2.java:41)
... Removed 22 stack frames]]>
    </failure>
  </testcase> <!-- @AfterTest TearDown -->
  <testcase classname="day32.BeforeTestDemo1" name="login" time="2.23"/>
  <testcase classname="day32.BeforeTestDemo1" name="getcurrenturl" time="6.021"/>
  <testcase classname="day32.BeforeTestDemo1" name="getTitle" time="0.012"/>
  <testcase classname="day32.AfterTestDemo2" name="login" time="0.003">
    <failure type="java.lang.NullPointerException" message="Cannot invoke &amp;quot;org.openqa.selenium.WebDriver.findElement(org.openqa.selenium.By)&amp;quot; because &amp;quot;this.driver&amp;quot; is null">
      <![CDATA[java.lang.NullPointerException: Cannot invoke "org.openqa.selenium.WebDriver.findElement(org.openqa.selenium.By)" because "this.driver" is null
at day32.AfterTestDemo2.login(AfterTestDemo2.java:18)
at java.base/java.util.ArrayList.forEach(ArrayList.java:1511)
... Removed 25 stack frames]]>
    </failure>
  </testcase> <!-- login -->
  <testcase classname="day32.AfterTestDemo2" name="search" time="0.003">
    <failure type="java.lang.NullPointerException" message="Cannot invoke &amp;quot;org.openqa.selenium.WebDriver.findElement(org.openqa.selenium.By)&amp;quot; because &amp;quot;this.driver&amp;quot; is null">
      <![CDATA[java.lang.NullPointerException: Cannot invoke "org.openqa.selenium.WebDriver.findElement(org.openqa.selenium.By)" because "this.driver" is null
at day32.AfterTestDemo2.search(AfterTestDemo2.java:31)
at java.base/java.util.ArrayList.forEach(ArrayList.java:1511)
... Removed 25 stack frames]]>
    </failure>
  </testcase> <!-- search -->
</testsuite> <!-- Test1 -->
